<?xml version="1.0" encoding="UTF-8"?>
<!-- Generated by org.testng.reporters.JUnitXMLReporter -->
<testsuite ignored="0" hostname="DESKTOP-Q0RMI1I" failures="0" tests="2" name="Test-runner 1" time="27.634" errors="0" timestamp="2022-03-03T12:50:00 IST">
  <testcase classname="com.crm.OrganizationTests.CreateOraganizationTest" name="createOrganizationTest" time="15.359"/>
  <testcase classname="com.crm.OrganizationTests.CreateOrgTest_Generic" name="createOrgTest" time="12.222"/>
</testsuite> <!-- Test-runner 1 -->
