<?xml version="1.0" encoding="UTF-8"?>
<!-- Generated by org.testng.reporters.JUnitXMLReporter -->
<testsuite ignored="0" hostname="DESKTOP-Q0RMI1I" failures="0" tests="2" name="Test-runner 2" time="41.591" errors="0" timestamp="2022-03-03T12:50:14 IST">
  <testcase classname="com.crm.ContactTests.CreateContactWithOrgTest" name="createContactWithOrgTest" time="28.465"/>
  <testcase classname="com.crm.ContactTests.CreateContactsTest" name="createContacts" time="13.08"/>
</testsuite> <!-- Test-runner 2 -->
