<?xml version="1.0" encoding="UTF-8"?>
<!-- Generated by org.testng.reporters.JUnitReportReporter -->
<testsuite hostname="DESKTOP-Q0RMI1I" failures="0" tests="1" name="com.crm.OppertunityTests.CreateOpportunitywithAssignedtoUserAdministratorTest" time="0.709" errors="0" timestamp="2022-03-02T16:30:25 IST" skipped="0">
  <testcase classname="com.crm.OppertunityTests.CreateOpportunitywithAssignedtoUserAdministratorTest" name="createOpportunitywithAssignedtoUserAdministratorTest" time="0.709"/>
  <system-out/>
</testsuite> <!-- com.crm.OppertunityTests.CreateOpportunitywithAssignedtoUserAdministratorTest -->
