<?xml version="1.0" encoding="UTF-8"?>
<!-- Generated by org.testng.reporters.JUnitReportReporter -->
<testsuite hostname="DESKTOP-Q0RMI1I" failures="0" tests="1" name="com.crm.OrganizationTests.CreateOrgWithType_POM" time="16.979" errors="0" timestamp="2022-03-07T10:15:30 IST" skipped="0">
  <testcase classname="com.crm.OrganizationTests.CreateOrgWithType_POM" name="createOrgWithType" time="16.979"/>
  <system-out/>
</testsuite> <!-- com.crm.OrganizationTests.CreateOrgWithType_POM -->
