<?xml version="1.0" encoding="UTF-8"?>
<!-- Generated by org.testng.reporters.JUnitReportReporter -->
<testsuite hostname="DESKTOP-Q0RMI1I" failures="0" tests="1" name="com.crm.Practice.GoibiboBookTicketTest" time="20.599" errors="0" timestamp="2022-03-10T10:30:40 IST" skipped="0">
  <testcase classname="com.crm.Practice.GoibiboBookTicketTest" name="goibiboBookTicketTest" time="20.599"/>
  <system-out/>
</testsuite> <!-- com.crm.Practice.GoibiboBookTicketTest -->
