<?xml version="1.0" encoding="UTF-8"?>
<!-- Generated by org.testng.reporters.JUnitReportReporter -->
<testsuite hostname="DESKTOP-Q0RMI1I" failures="0" tests="1" name="com.crm.OrganizationTests.CreateOrgCooseIndustryType_BaseClass_Test" time="18.298" errors="0" timestamp="2022-03-04T15:05:10 IST" skipped="0">
  <testcase classname="com.crm.OrganizationTests.CreateOrgCooseIndustryType_BaseClass_Test" name="createOrgCooseIndustryTypeTest" time="18.298"/>
  <system-out/>
</testsuite> <!-- com.crm.OrganizationTests.CreateOrgCooseIndustryType_BaseClass_Test -->
