<?xml version="1.0" encoding="UTF-8"?>
<!-- Generated by org.testng.reporters.JUnitReportReporter -->
<testsuite hostname="DESKTOP-Q0RMI1I" failures="0" tests="1" name="com.crm.ContactTests.CreateContactsTest_Generic" time="27.301" errors="0" timestamp="2022-03-09T09:49:03 IST" skipped="0">
  <testcase classname="com.crm.ContactTests.CreateContactsTest_Generic" name="createContacts" time="27.301"/>
  <system-out/>
</testsuite> <!-- com.crm.ContactTests.CreateContactsTest_Generic -->
