<?xml version="1.0" encoding="UTF-8"?>
<!-- Generated by org.testng.reporters.JUnitReportReporter -->
<testsuite hostname="DESKTOP-Q0RMI1I" failures="0" tests="1" name="com.crm.ContactTests.CreateContactsTest" time="18.045" errors="0" timestamp="2022-03-17T11:06:59 IST" skipped="0">
  <testcase classname="com.crm.ContactTests.CreateContactsTest" name="createContacts" time="18.045"/>
  <system-out/>
</testsuite> <!-- com.crm.ContactTests.CreateContactsTest -->
