<?xml version="1.0" encoding="UTF-8"?>
<!-- Generated by org.testng.reporters.JUnitReportReporter -->
<testsuite hostname="DESKTOP-Q0RMI1I" failures="0" tests="1" name="com.crm.Practice.SampleJDBCExecuteQuery" time="0.280" errors="0" timestamp="2022-02-16T14:44:07 IST" skipped="0">
  <testcase classname="com.crm.Practice.SampleJDBCExecuteQuery" name="sampleJDBCExecuteQuery" time="0.280"/>
  <system-out/>
</testsuite> <!-- com.crm.Practice.SampleJDBCExecuteQuery -->
