<?xml version="1.0" encoding="UTF-8"?>
<!-- Generated by org.testng.reporters.JUnitReportReporter -->
<testsuite hostname="DESKTOP-Q0RMI1I" failures="0" tests="1" name="com.crm.Practice.POMPracticeForLogin" time="16.725" errors="0" timestamp="2022-02-24T12:18:49 IST" skipped="0">
  <testcase classname="com.crm.Practice.POMPracticeForLogin" name="pomPractice" time="16.725"/>
  <system-out/>
</testsuite> <!-- com.crm.Practice.POMPracticeForLogin -->
