<?xml version="1.0" encoding="UTF-8"?>
<!-- Generated by org.testng.reporters.JUnitReportReporter -->
<testsuite hostname="DESKTOP-Q0RMI1I" failures="0" tests="1" name="com.crm.OrganizationTests.CreateOraganizationTest" time="15.359" errors="0" timestamp="2022-03-03T12:50:14 IST" skipped="0">
  <testcase classname="com.crm.OrganizationTests.CreateOraganizationTest" name="createOrganizationTest" time="15.359"/>
  <system-out/>
</testsuite> <!-- com.crm.OrganizationTests.CreateOraganizationTest -->
