<?xml version="1.0" encoding="UTF-8"?>
<!-- Generated by org.testng.reporters.JUnitReportReporter -->
<testsuite hostname="DESKTOP-Q0RMI1I" failures="0" tests="1" name="com.crm.OrganizationTests.CreateOrgTest_Generic" time="12.222" errors="0" timestamp="2022-03-03T12:50:14 IST" skipped="0">
  <testcase classname="com.crm.OrganizationTests.CreateOrgTest_Generic" name="createOrgTest" time="12.222"/>
  <system-out/>
</testsuite> <!-- com.crm.OrganizationTests.CreateOrgTest_Generic -->
