<?xml version="1.0" encoding="UTF-8"?>
<!-- Generated by org.testng.reporters.JUnitReportReporter -->
<testsuite hostname="DESKTOP-Q0RMI1I" failures="0" tests="6" name="com.crm.Practice.DataProviderPractice_1_Test" time="0.011" errors="0" timestamp="2022-02-28T16:22:42 IST" skipped="0">
  <testcase classname="com.crm.Practice.DataProviderPractice_1_Test" name="sampleDataProvider" time="0.006"/>
  <system-out/>
  <testcase classname="com.crm.Practice.DataProviderPractice_1_Test" name="sampleDataProvider" time="0.001"/>
  <system-out/>
  <testcase classname="com.crm.Practice.DataProviderPractice_1_Test" name="sampleDataProvider" time="0.001"/>
  <system-out/>
  <testcase classname="com.crm.Practice.DataProviderPractice_1_Test" name="sampleDataProvider" time="0.001"/>
  <system-out/>
  <testcase classname="com.crm.Practice.DataProviderPractice_1_Test" name="sampleDataProvider" time="0.001"/>
  <system-out/>
  <testcase classname="com.crm.Practice.DataProviderPractice_1_Test" name="sampleDataProvider" time="0.001"/>
  <system-out/>
</testsuite> <!-- com.crm.Practice.DataProviderPractice_1_Test -->
