<?xml version="1.0" encoding="UTF-8"?>
<!-- Generated by org.testng.reporters.JUnitReportReporter -->
<testsuite hostname="DESKTOP-Q0RMI1I" failures="0" tests="1" name="com.crm.Practice.BaseClassPractice" time="0.008" errors="0" timestamp="2022-03-01T15:16:42 IST" skipped="0">
  <testcase classname="com.crm.Practice.BaseClassPractice" name="actualTest" time="0.008"/>
  <system-out/>
</testsuite> <!-- com.crm.Practice.BaseClassPractice -->
