<?xml version="1.0" encoding="UTF-8"?>
<!-- Generated by org.testng.reporters.JUnitReportReporter -->
<testsuite hostname="DESKTOP-Q0RMI1I" failures="0" tests="1" name="com.crm.Practice.SampleJDBCExecuteUpdateQuery" time="0.274" errors="0" timestamp="2022-02-16T15:00:49 IST" skipped="0">
  <testcase classname="com.crm.Practice.SampleJDBCExecuteUpdateQuery" name="sampleJDBCExecuteUpdate" time="0.274"/>
  <system-out/>
</testsuite> <!-- com.crm.Practice.SampleJDBCExecuteUpdateQuery -->
