<?xml version="1.0" encoding="UTF-8"?>
<!-- Generated by org.testng.reporters.JUnitReportReporter -->
<testsuite hostname="DESKTOP-Q0RMI1I" failures="0" tests="1" name="com.crm.Practice.ReadDataFromExcelSheetTest" time="0.791" errors="0" timestamp="2022-02-28T00:03:34 IST" skipped="0">
  <testcase classname="com.crm.Practice.ReadDataFromExcelSheetTest" name="readDataFromExcel" time="0.791"/>
  <system-out/>
</testsuite> <!-- com.crm.Practice.ReadDataFromExcelSheetTest -->
