<?xml version="1.0" encoding="UTF-8"?>
<!-- Generated by org.testng.reporters.JUnitReportReporter -->
<testsuite hostname="DESKTOP-Q0RMI1I" failures="0" tests="1" name="com.crm.ContactTests.CreateContactWithMandatoryTest" time="0.000" errors="0" timestamp="2022-03-02T09:52:49 IST" skipped="1">
  <testcase classname="com.crm.ContactTests.CreateContactWithMandatoryTest" name="createOrgWithMltipleData" time="0.000">
    <skipped/>
  </testcase> <!-- createOrgWithMltipleData -->
  <system-out/>
</testsuite> <!-- com.crm.ContactTests.CreateContactWithMandatoryTest -->
