<?xml version="1.0" encoding="UTF-8"?>
<!-- Generated by org.testng.reporters.JUnitReportReporter -->
<testsuite hostname="DESKTOP-Q0RMI1I" failures="0" tests="6" name="com.crm.Practice.DataProviderPractice_1" time="0.014" errors="0" timestamp="2022-02-28T15:44:15 IST" skipped="0">
  <testcase classname="com.crm.Practice.DataProviderPractice_1" name="sampleDataProvider" time="0.002"/>
  <system-out/>
  <testcase classname="com.crm.Practice.DataProviderPractice_1" name="sampleDataProvider" time="0.006"/>
  <system-out/>
  <testcase classname="com.crm.Practice.DataProviderPractice_1" name="sampleDataProvider" time="0.002"/>
  <system-out/>
  <testcase classname="com.crm.Practice.DataProviderPractice_1" name="sampleDataProvider" time="0.001"/>
  <system-out/>
  <testcase classname="com.crm.Practice.DataProviderPractice_1" name="sampleDataProvider" time="0.002"/>
  <system-out/>
  <testcase classname="com.crm.Practice.DataProviderPractice_1" name="sampleDataProvider" time="0.001"/>
  <system-out/>
</testsuite> <!-- com.crm.Practice.DataProviderPractice_1 -->
