<?xml version="1.0" encoding="UTF-8"?>
<!-- Generated by org.testng.reporters.JUnitReportReporter -->
<testsuite hostname="DESKTOP-Q0RMI1I" failures="0" tests="3" name="com.crm.Listeners.TestNGListernerDemo" time="0.012" errors="0" timestamp="2022-03-04T01:41:09 IST" skipped="0">
  <testcase classname="com.crm.Listeners.TestNGListernerDemo" name="test1" time="0.010"/>
  <system-out/>
  <testcase classname="com.crm.Listeners.TestNGListernerDemo" name="test3" time="0.001"/>
  <system-out/>
  <testcase classname="com.crm.Listeners.TestNGListernerDemo" name="test2" time="0.001"/>
  <system-out/>
</testsuite> <!-- com.crm.Listeners.TestNGListernerDemo -->
