<?xml version="1.0" encoding="UTF-8"?>
<!-- Generated by org.testng.reporters.JUnitReportReporter -->
<testsuite hostname="DESKTOP-Q0RMI1I" failures="0" tests="1" name="com.crm.OrganizationTests.CreateOrgChooseIndustryTypeTest" time="12.343" errors="0" timestamp="2022-02-20T10:01:50 IST" skipped="0">
  <testcase classname="com.crm.OrganizationTests.CreateOrgChooseIndustryTypeTest" name="createOrgTest" time="12.343"/>
  <system-out/>
</testsuite> <!-- com.crm.OrganizationTests.CreateOrgChooseIndustryTypeTest -->
