<?xml version="1.0" encoding="UTF-8"?>
<!-- Generated by org.testng.reporters.JUnitReportReporter -->
<testsuite hostname="DESKTOP-Q0RMI1I" failures="0" tests="1" name="com.crm.OppertunityTests.CreateOpportunitywithAssignedtoGroupAsMarketingGroupTest" time="29.932" errors="0" timestamp="2022-03-02T16:52:50 IST" skipped="0">
  <testcase classname="com.crm.OppertunityTests.CreateOpportunitywithAssignedtoGroupAsMarketingGroupTest" name="createOpportunitywithAssignedtoGroupAsMarketingGroup" time="29.932"/>
  <system-out/>
</testsuite> <!-- com.crm.OppertunityTests.CreateOpportunitywithAssignedtoGroupAsMarketingGroupTest -->
