<?xml version="1.0" encoding="UTF-8"?>
<!-- Generated by org.testng.reporters.JUnitReportReporter -->
<testsuite hostname="DESKTOP-Q0RMI1I" failures="0" tests="1" name="com.crm.Practice.PracticeForGenericUtils" time="0.050" errors="0" timestamp="2022-02-21T23:54:09 IST" skipped="0">
  <testcase classname="com.crm.Practice.PracticeForGenericUtils" name="practice" time="0.050"/>
  <system-out/>
</testsuite> <!-- com.crm.Practice.PracticeForGenericUtils -->
