<?xml version="1.0" encoding="UTF-8"?>
<!-- Generated by org.testng.reporters.JUnitReportReporter -->
<testsuite hostname="DESKTOP-Q0RMI1I" failures="0" tests="1" name="com.crm.Practice.SampleJDBCExecuteUpdate" time="0.266" errors="0" timestamp="2022-02-16T14:28:24 IST" skipped="0">
  <testcase classname="com.crm.Practice.SampleJDBCExecuteUpdate" name="sampleJDBCExecuteUpdate" time="0.266"/>
  <system-out/>
</testsuite> <!-- com.crm.Practice.SampleJDBCExecuteUpdate -->
