<?xml version="1.0" encoding="UTF-8"?>
<!-- Generated by org.testng.reporters.JUnitReportReporter -->
<testsuite hostname="DESKTOP-Q0RMI1I" failures="0" tests="1" name="com.crm.ProductTests.CreateProducts" time="14.905" errors="0" timestamp="2022-03-03T23:43:16 IST" skipped="0">
  <testcase classname="com.crm.ProductTests.CreateProducts" name="createProductdTest" time="14.905"/>
  <system-out>
    <![CDATA[createProductdTest------testscript execution start-----]]>
  </system-out>
</testsuite> <!-- com.crm.ProductTests.CreateProducts -->
