<?xml version="1.0" encoding="UTF-8"?>
<!-- Generated by org.testng.reporters.JUnitReportReporter -->
<testsuite hostname="DESKTOP-Q0RMI1I" failures="0" tests="1" name="com.crm.Practice.ReadDataFromSuiteXMLfileTest" time="0.009" errors="0" timestamp="2022-02-17T15:26:34 IST" skipped="0">
  <testcase classname="com.crm.Practice.ReadDataFromSuiteXMLfileTest" name="readDataFromSuiteXML" time="0.009"/>
  <system-out/>
</testsuite> <!-- com.crm.Practice.ReadDataFromSuiteXMLfileTest -->
