<?xml version="1.0" encoding="UTF-8"?>
<!-- Generated by org.testng.reporters.JUnitReportReporter -->
<testsuite hostname="DESKTOP-Q0RMI1I" failures="0" tests="1" name="com.crm.Practice.PracticeRetryAnalyser" time="0.012" errors="0" timestamp="2022-03-04T15:02:34 IST" skipped="0">
  <testcase classname="com.crm.Practice.PracticeRetryAnalyser" name="practiceRetry" time="0.012"/>
  <system-out/>
</testsuite> <!-- com.crm.Practice.PracticeRetryAnalyser -->
