<?xml version="1.0" encoding="UTF-8"?>
<!-- Generated by org.testng.reporters.JUnitReportReporter -->
<testsuite hostname="DESKTOP-Q0RMI1I" failures="0" tests="1" name="com.crm.OrganizationTests.CreateOrgCooseIndustryTypeTest_Generic" time="15.461" errors="0" timestamp="2022-02-22T22:57:49 IST" skipped="0">
  <testcase classname="com.crm.OrganizationTests.CreateOrgCooseIndustryTypeTest_Generic" name="createOrgCooseIndustryTypeTest" time="15.461"/>
  <system-out/>
</testsuite> <!-- com.crm.OrganizationTests.CreateOrgCooseIndustryTypeTest_Generic -->
