<?xml version="1.0" encoding="UTF-8"?>
<!-- Generated by org.testng.reporters.JUnitReportReporter -->
<testsuite hostname="DESKTOP-Q0RMI1I" failures="0" tests="1" name="com.crm.Practice.TestNGAssertionsPractice" time="0.012" errors="0" timestamp="2022-03-04T15:12:08 IST" skipped="0">
  <testcase classname="com.crm.Practice.TestNGAssertionsPractice" name="assertionPractice" time="0.012"/>
  <system-out/>
</testsuite> <!-- com.crm.Practice.TestNGAssertionsPractice -->
