<?xml version="1.0" encoding="UTF-8"?>
<!-- Generated by org.testng.reporters.JUnitReportReporter -->
<testsuite hostname="DESKTOP-Q0RMI1I" failures="0" tests="3" name="com.crm.Practice.PracticeTestNG" time="0.011" errors="0" timestamp="2022-02-28T12:17:34 IST" skipped="0">
  <testcase classname="com.crm.Practice.PracticeTestNG" name="createOrg" time="0.009"/>
  <system-out/>
  <testcase classname="com.crm.Practice.PracticeTestNG" name="deleteOrg" time="0.001"/>
  <system-out/>
  <testcase classname="com.crm.Practice.PracticeTestNG" name="modifyOrg" time="0.001"/>
  <system-out/>
</testsuite> <!-- com.crm.Practice.PracticeTestNG -->
