<?xml version="1.0" encoding="UTF-8"?>
<!-- Generated by org.testng.reporters.JUnitReportReporter -->
<testsuite hostname="DESKTOP-Q0RMI1I" failures="0" tests="1" name="com.crm.Practice.SelectAnyMonthFromCalendarTest" time="22.844" errors="0" timestamp="2022-03-09T15:08:33 IST" skipped="0">
  <testcase classname="com.crm.Practice.SelectAnyMonthFromCalendarTest" name="selectAnyMonthFromCalendar" time="22.844"/>
  <system-out/>
</testsuite> <!-- com.crm.Practice.SelectAnyMonthFromCalendarTest -->
