<?xml version="1.0" encoding="UTF-8"?>
<!-- Generated by org.testng.reporters.JUnitReportReporter -->
<testsuite hostname="DESKTOP-Q0RMI1I" failures="0" tests="1" name="com.crm.Practice.WriteDataIntoExcelsheetTest" time="0.973" errors="0" timestamp="2022-02-28T09:39:54 IST" skipped="0">
  <testcase classname="com.crm.Practice.WriteDataIntoExcelsheetTest" name="writeDataIntoExcelsheet" time="0.973"/>
  <system-out/>
</testsuite> <!-- com.crm.Practice.WriteDataIntoExcelsheetTest -->
