<?xml version="1.0" encoding="UTF-8"?>
<!-- Generated by org.testng.reporters.JUnitReportReporter -->
<testsuite hostname="DESKTOP-Q0RMI1I" failures="0" tests="1" name="com.crm.OppertunityTests.CreateOpportunity_Test_With_Generic" time="35.024" errors="0" timestamp="2022-03-02T16:45:33 IST" skipped="0">
  <testcase classname="com.crm.OppertunityTests.CreateOpportunity_Test_With_Generic" name="createOpportunityTestWithGeneric" time="35.024"/>
  <system-out/>
</testsuite> <!-- com.crm.OppertunityTests.CreateOpportunity_Test_With_Generic -->
